[debug] [2026-04-26T16:45:21.023Z] ----------------------------------------------------------------------
[debug] [2026-04-26T16:45:21.027Z] Command:       C:\Program Files\nodejs\node.exe C:\Users\moksh\AppData\Roaming\npm\node_modules\firebase-tools\lib\bin\firebase.js deploy --only hosting
[debug] [2026-04-26T16:45:21.028Z] CLI Version:   15.15.0
[debug] [2026-04-26T16:45:21.028Z] Platform:      win32
[debug] [2026-04-26T16:45:21.028Z] Node Version:  v22.14.0
[debug] [2026-04-26T16:45:21.028Z] Time:          Sun Apr 26 2026 22:15:21 GMT+0530 (India Standard Time)
[debug] [2026-04-26T16:45:21.029Z] ----------------------------------------------------------------------
[debug] 
[debug] [2026-04-26T16:45:21.032Z] >>> [apiv2][query] GET https://firebase-public.firebaseio.com/cli.json [none]
[debug] [2026-04-26T16:45:26.010Z] > command requires scopes: ["email","openid","https://www.googleapis.com/auth/cloudplatformprojects.readonly","https://www.googleapis.com/auth/firebase","https://www.googleapis.com/auth/cloud-platform"]
[debug] [2026-04-26T16:45:26.011Z] > authorizing via signed-in user (dharmikkashmira@gmail.com)
[debug] [2026-04-26T16:45:26.011Z] [iam] checking project resai-85a83 for permissions ["firebase.projects.get","firebasehosting.sites.update"]
[debug] [2026-04-26T16:45:26.012Z] Checked if tokens are valid: false, expires at: 1776708509238
[debug] [2026-04-26T16:45:26.012Z] Checked if tokens are valid: false, expires at: 1776708509238
[debug] [2026-04-26T16:45:26.012Z] > refreshing access token with scopes: []
[debug] [2026-04-26T16:45:26.014Z] >>> [apiv2][query] POST https://www.googleapis.com/oauth2/v3/token [none]
[debug] [2026-04-26T16:45:26.014Z] >>> [apiv2][body] POST https://www.googleapis.com/oauth2/v3/token [omitted]
[debug] [2026-04-26T16:45:26.233Z] <<< [apiv2][status] POST https://www.googleapis.com/oauth2/v3/token 200
[debug] [2026-04-26T16:45:26.233Z] <<< [apiv2][body] POST https://www.googleapis.com/oauth2/v3/token [omitted]
[debug] [2026-04-26T16:45:26.252Z] >>> [apiv2][query] POST https://cloudresourcemanager.googleapis.com/v1/projects/resai-85a83:testIamPermissions [none]
[debug] [2026-04-26T16:45:26.253Z] >>> [apiv2][(partial)header] POST https://cloudresourcemanager.googleapis.com/v1/projects/resai-85a83:testIamPermissions  x-goog-user-project=resai-85a83
[debug] [2026-04-26T16:45:26.253Z] >>> [apiv2][body] POST https://cloudresourcemanager.googleapis.com/v1/projects/resai-85a83:testIamPermissions {"permissions":["firebase.projects.get","firebasehosting.sites.update"]}
[debug] [2026-04-26T16:45:26.936Z] <<< [apiv2][status] GET https://firebase-public.firebaseio.com/cli.json 200
[debug] [2026-04-26T16:45:26.937Z] <<< [apiv2][body] GET https://firebase-public.firebaseio.com/cli.json {"cloudBuildErrorAfter":1594252800000,"cloudBuildWarnAfter":1590019200000,"defaultNode10After":1594252800000,"minVersion":"3.0.5","node8DeploysDisabledAfter":1613390400000,"node8RuntimeDisabledAfter":1615809600000,"node8WarnAfter":1600128000000}
[debug] [2026-04-26T16:45:27.762Z] <<< [apiv2][status] POST https://cloudresourcemanager.googleapis.com/v1/projects/resai-85a83:testIamPermissions 403
[debug] [2026-04-26T16:45:27.762Z] <<< [apiv2][body] POST https://cloudresourcemanager.googleapis.com/v1/projects/resai-85a83:testIamPermissions {"error":{"code":403,"message":"Caller does not have required permission to use project resai-85a83. Grant the caller the roles/serviceusage.serviceUsageConsumer role, or a custom role with the serviceusage.services.use permission, by visiting https://console.developers.google.com/iam-admin/iam?project=resai-85a83 and then retry. Propagation of the new permission may take a few minutes.","status":"PERMISSION_DENIED","details":[{"@type":"type.googleapis.com/google.rpc.ErrorInfo","reason":"USER_PROJECT_DENIED","domain":"googleapis.com","metadata":{"containerInfo":"resai-85a83","service":"cloudresourcemanager.googleapis.com","consoleUrl":"https://console.developers.google.com/iam-admin/iam?project=resai-85a83","consumer":"projects/resai-85a83"}},{"@type":"type.googleapis.com/google.rpc.LocalizedMessage","locale":"en-US","message":"Caller does not have required permission to use project resai-85a83. Grant the caller the roles/serviceusage.serviceUsageConsumer role, or a custom role with the serviceusage.services.use permission, by visiting https://console.developers.google.com/iam-admin/iam?project=resai-85a83 and then retry. Propagation of the new permission may take a few minutes."},{"@type":"type.googleapis.com/google.rpc.Help","links":[{"description":"Google developer console IAM admin","url":"https://console.developers.google.com/iam-admin/iam?project=resai-85a83"}]}]}}
[debug] [2026-04-26T16:45:27.763Z] [iam] error while checking permissions, command may fail: Request to https://cloudresourcemanager.googleapis.com/v1/projects/resai-85a83:testIamPermissions had HTTP Error: 403, Caller does not have required permission to use project resai-85a83. Grant the caller the roles/serviceusage.serviceUsageConsumer role, or a custom role with the serviceusage.services.use permission, by visiting https://console.developers.google.com/iam-admin/iam?project=resai-85a83 and then retry. Propagation of the new permission may take a few minutes.
[debug] [2026-04-26T16:45:27.764Z] Checked if tokens are valid: true, expires at: 1777225525234
[debug] [2026-04-26T16:45:27.764Z] Checked if tokens are valid: true, expires at: 1777225525234
[debug] [2026-04-26T16:45:27.765Z] >>> [apiv2][query] GET https://firebase.googleapis.com/v1beta1/projects/resai-85a83 [none]
[debug] [2026-04-26T16:45:28.314Z] <<< [apiv2][status] GET https://firebase.googleapis.com/v1beta1/projects/resai-85a83 403
[debug] [2026-04-26T16:45:28.314Z] <<< [apiv2][body] GET https://firebase.googleapis.com/v1beta1/projects/resai-85a83 {"error":{"code":403,"message":"The caller does not have permission","status":"PERMISSION_DENIED"}}
[debug] [2026-04-26T16:45:28.315Z] Request to https://firebase.googleapis.com/v1beta1/projects/resai-85a83 had HTTP Error: 403, The caller does not have permission
[debug] [2026-04-26T16:45:28.504Z] FirebaseError: Request to https://firebase.googleapis.com/v1beta1/projects/resai-85a83 had HTTP Error: 403, The caller does not have permission
    at responseToError (C:\Users\moksh\AppData\Roaming\npm\node_modules\firebase-tools\lib\responseToError.js:53:12)
    at RetryOperation._fn (C:\Users\moksh\AppData\Roaming\npm\node_modules\firebase-tools\lib\apiv2.js:333:77)
    at process.processTicksAndRejections (node:internal/process/task_queues:105:5)
[error] 
[error] Error: Failed to get Firebase project resai-85a83. Please make sure the project exists and your account has permission to access it.
